2026-04-28 09:36:40.995  INFO     FILL POLL  order_id=05d39e61-a425-4267-87ae-6f0555ff9615  fill_count=0.00  filled=False
2026-04-28 09:36:42.091  INFO     FILL POLL  order_id=ae839ea9-50a7-41bc-bcc3-1ec7ecee66c2  fill_count=0.00  filled=False
2026-04-28 09:36:43.424  INFO     FILL POLL  order_id=00c1f314-7f40-403a-a974-71174c596561  fill_count=0.00  filled=False
2026-04-28 09:36:44.531  INFO     FILL POLL  order_id=84b195f6-7095-4ec1-b869-bdf6ab4f15a1  fill_count=1.00  filled=True
2026-04-28 11:24:42.719  INFO     FILL POLL  order_id=b725df54-c4a9-4d2b-ac01-b21f97b6352f  fill_count=0.00  filled=False
2026-04-28 11:24:43.830  INFO     FILL POLL  order_id=aa069175-c219-4549-946e-6cf993a0b6a7  fill_count=1.00  filled=True
2026-04-28 11:40:48.914  INFO     FILL POLL  order_id=091b1bfc-a1cb-476f-aaf1-1b22e34bc53d  fill_count=2.00  filled=True
2026-04-28 12:55:46.353  INFO     FILL POLL  order_id=1ad09f33-0b7f-4140-a989-144450274147  fill_count=1.00  filled=True
2026-04-28 13:21:57.741  INFO     FILL POLL  order_id=2729a184-9a1c-438b-bbb0-82d7c513e1c9  fill_count=1.00  filled=True
2026-04-28 13:54:37.756  INFO     FILL POLL  order_id=f8915f16-cb39-4bc0-9900-80685d8aaeba  fill_count=0.00  filled=False
2026-04-28 13:54:39.082  INFO     FILL POLL  order_id=ad62cdb0-ba34-4746-8fce-042941c22ee8  fill_count=0.00  filled=False
2026-04-28 13:54:40.180  INFO     FILL POLL  order_id=f54d0fa3-f3a5-4920-a516-fa3d28a56371  fill_count=0.00  filled=False
2026-04-28 13:54:41.287  INFO     FILL POLL  order_id=de0e9ff5-8ebb-4662-9111-62da2e0274b7  fill_count=0.00  filled=False
2026-04-28 13:54:42.391  INFO     FILL POLL  order_id=b18160a4-d2cc-4c49-8ec5-d4d63ef614ee  fill_count=0.00  filled=False
2026-04-28 14:06:31.105  INFO     FILL POLL  order_id=44756324-5a5d-4fd9-9823-8e501c808a51  fill_count=0.00  filled=False
2026-04-28 14:06:32.214  INFO     FILL POLL  order_id=c757dd4f-7330-4795-ae10-e9e02d6ce0e3  fill_count=2.00  filled=True
2026-04-28 14:22:48.389  INFO     FILL POLL  order_id=3964cc73-eb65-46ee-ad73-d0eb4507130e  fill_count=1.00  filled=True
2026-04-28 14:54:01.964  INFO     FILL POLL  order_id=f99741ce-9509-40ab-9766-64fcac45e3d2  fill_count=0.00  filled=False
2026-04-28 14:54:03.067  INFO     FILL POLL  order_id=0289a60c-0f90-4c67-b9a5-d21e37591077  fill_count=0.00  filled=False
2026-04-28 14:54:04.401  INFO     FILL POLL  order_id=65ab9d91-1c5e-401a-9d6c-493cfb84b418  fill_count=1.00  filled=True
2026-04-28 15:25:41.028  INFO     FILL POLL  order_id=f1108611-fe3d-41a8-a783-b4b575f98b68  fill_count=1.00  filled=True
2026-04-28 15:52:32.052  INFO     FILL POLL  order_id=4aa1ee7d-9e60-47cd-8f19-9f8b8b9182c2  fill_count=2.00  filled=True
2026-04-28 16:09:03.636  INFO     FILL POLL  order_id=47bae3b5-92a2-4a3b-aff5-90dfdafa5109  fill_count=0.00  filled=False
2026-04-28 16:09:04.989  INFO     FILL POLL  order_id=762d1dba-9fbe-4c98-86aa-c782292a580a  fill_count=0.00  filled=False
2026-04-28 16:09:06.088  INFO     FILL POLL  order_id=f5cc8cda-5d7a-46d2-99ca-203b55b6144f  fill_count=0.00  filled=False
2026-04-28 16:09:07.223  INFO     FILL POLL  order_id=87f89e82-2ed9-4629-999c-32459308b4ac  fill_count=0.00  filled=False
2026-04-28 16:09:08.358  INFO     FILL POLL  order_id=ada1961b-cd91-40c3-9cb9-7dd66f8bd79f  fill_count=0.00  filled=False
2026-04-28 16:44:02.392  INFO     FILL POLL  order_id=4637f80b-8d0d-4037-a395-7bdbc9cf001a  fill_count=1.00  filled=True
2026-04-28 16:55:46.318  INFO     FILL POLL  order_id=20fcad3c-e1be-47e6-bb43-45c47e95db23  fill_count=1.00  filled=True
2026-04-28 17:06:58.525  INFO     FILL POLL  order_id=0f04a8e9-1144-43cb-b8ed-14d740faa9c4  fill_count=1.00  filled=True
2026-04-28 17:26:59.539  INFO     FILL POLL  order_id=308a4d79-a5df-4fd4-9366-cc16af2efcc1  fill_count=1.00  filled=True
2026-04-28 17:41:04.187  INFO     FILL POLL  order_id=c9a921e0-29cf-44bf-8a01-508707d1d66f  fill_count=2.00  filled=True
2026-04-28 18:38:30.650  INFO     FILL POLL  order_id=d43c5f4f-165d-4eae-bc45-3dea530276a3  fill_count=2.00  filled=True
2026-04-28 18:53:05.644  INFO     FILL POLL  order_id=c48c4f14-1c2e-4a90-af6d-a89864978e0e  fill_count=0.00  filled=False
2026-04-28 18:53:06.754  INFO     FILL POLL  order_id=cccec028-2e14-430c-a021-6367ac7c9c7d  fill_count=0.00  filled=False
2026-04-28 18:53:07.882  INFO     FILL POLL  order_id=6d1e9551-2559-45ce-849a-40cda9f9553c  fill_count=0.00  filled=False
2026-04-28 18:53:09.161  INFO     FILL POLL  order_id=15b44fa6-8b28-498e-bafd-8ff83862dc57  fill_count=0.00  filled=False
2026-04-28 18:53:10.298  INFO     FILL POLL  order_id=b0e44a52-155f-467a-ae7b-280be0776217  fill_count=0.00  filled=False
2026-04-28 19:08:10.368  INFO     FILL POLL  order_id=9541a94a-a9fd-4e12-8e15-f4ea6cb3a0e0  fill_count=1.00  filled=True
2026-04-28 19:24:46.266  INFO     FILL POLL  order_id=23f3cd68-0f97-484e-a7d8-d908b5642113  fill_count=1.00  filled=True
2026-04-28 19:39:54.018  INFO     FILL POLL  order_id=86a72d76-f61c-4182-8d38-125b020bc459  fill_count=0.00  filled=False
2026-04-28 19:39:55.356  INFO     FILL POLL  order_id=271e9791-131f-45eb-a6d9-5910fd1686ea  fill_count=0.00  filled=False
2026-04-28 19:39:56.477  INFO     FILL POLL  order_id=c7f6fc6a-e0a9-4a7d-8e8c-5059757dd32a  fill_count=0.00  filled=False
2026-04-28 19:39:57.596  INFO     FILL POLL  order_id=b8a8b533-4ea1-41f6-b539-14955644fd33  fill_count=0.00  filled=False
2026-04-28 19:39:58.725  INFO     FILL POLL  order_id=1da6ec7a-467f-4f2d-8518-0aa90e2b4f89  fill_count=2.00  filled=True
2026-04-28 19:51:34.423  INFO     FILL POLL  order_id=c3336b86-983c-40ee-95de-54e3265d1e00  fill_count=1.00  filled=True
2026-04-28 20:39:11.522  INFO     FILL POLL  order_id=76e7ac3b-fab5-4264-9f5b-9d996a537a9d  fill_count=0.00  filled=False
2026-04-28 20:39:12.856  INFO     FILL POLL  order_id=0f218109-e53d-4d06-a854-54787f112fc4  fill_count=0.00  filled=False
2026-04-28 20:39:13.954  INFO     FILL POLL  order_id=519f7956-f6b4-4224-a329-fd86cc7dc7e8  fill_count=0.00  filled=False
2026-04-28 20:39:15.050  INFO     FILL POLL  order_id=62b9a47c-7358-4b83-939a-02459f972314  fill_count=0.00  filled=False
2026-04-28 20:39:16.180  INFO     FILL POLL  order_id=432efebf-b105-4bba-8aaa-7a31747998d0  fill_count=0.00  filled=False
2026-04-28 20:52:51.876  INFO     FILL POLL  order_id=d88e789f-3362-4c39-8928-0909a3533b5f  fill_count=0.00  filled=False
2026-04-28 20:52:53.027  INFO     FILL POLL  order_id=cdf464cf-839f-4494-a333-0c62a7828d8b  fill_count=0.00  filled=False
2026-04-28 20:52:54.133  INFO     FILL POLL  order_id=4fa1fb8c-a342-45e6-bf34-303b4da10fd3  fill_count=0.00  filled=False
2026-04-28 20:52:55.580  INFO     FILL POLL  order_id=087e7c0e-799c-460e-a980-4e0c68dc4498  fill_count=0.00  filled=False
2026-04-28 20:52:56.699  INFO     FILL POLL  order_id=64f2c851-40af-4607-a80c-108ede9c7418  fill_count=0.00  filled=False
2026-04-28 21:11:35.770  INFO     FILL POLL  order_id=fd405a1f-0b29-4f48-b1e7-057a25342dea  fill_count=2.00  filled=True
2026-04-28 21:23:38.741  INFO     FILL POLL  order_id=41185e1c-538c-476e-aa20-792fa46bf32f  fill_count=0.00  filled=False
2026-04-28 21:23:39.872  INFO     FILL POLL  order_id=60613e60-68ac-425a-b4b7-0a1e112d4824  fill_count=0.00  filled=False
2026-04-28 21:23:40.981  INFO     FILL POLL  order_id=9c26ca9d-7f3c-4250-b5d3-a46e894e7f76  fill_count=0.00  filled=False
2026-04-28 21:23:42.093  INFO     FILL POLL  order_id=c6a86ef5-4365-419a-9a20-a5158226c824  fill_count=0.00  filled=False
2026-04-28 21:23:43.436  INFO     FILL POLL  order_id=cf925cbc-f2c6-4930-a6ec-3390f684b976  fill_count=1.00  filled=True
2026-04-28 21:52:05.783  INFO     FILL POLL  order_id=61a6cc65-f836-474b-96aa-88e97b044b77  fill_count=0.00  filled=False
2026-04-28 21:52:06.919  INFO     FILL POLL  order_id=100b0469-98ce-4979-8d4b-1fca7054ec59  fill_count=0.00  filled=False
2026-04-28 21:52:08.055  INFO     FILL POLL  order_id=50824e63-b848-4fa0-b6e8-47407cd56e73  fill_count=0.00  filled=False
2026-04-28 21:52:09.419  INFO     FILL POLL  order_id=4dbee09b-ee15-49e2-bacf-2828900b6ce1  fill_count=0.00  filled=False
2026-04-28 21:52:10.524  INFO     FILL POLL  order_id=4b1d4697-f50b-4453-86b4-b3c8a9e42c9e  fill_count=0.00  filled=False
2026-04-28 22:07:27.557  INFO     FILL POLL  order_id=f0278fb1-0f2d-461b-930a-0287d368d81b  fill_count=2.00  filled=True
2026-04-28 22:21:27.472  INFO     FILL POLL  order_id=48b36cae-5752-4db0-acde-a45f08dbfd4b  fill_count=0.00  filled=False
2026-04-28 22:21:28.601  INFO     FILL POLL  order_id=9ecb0bf2-2a36-494b-a3af-30ef72dc1339  fill_count=0.00  filled=False
2026-04-28 22:21:29.737  INFO     FILL POLL  order_id=2da6d4fe-9c1d-460e-9c4f-228fc784b030  fill_count=0.00  filled=False
2026-04-28 22:21:31.062  INFO     FILL POLL  order_id=001966f1-1c3c-4710-a142-bb2310d01c7f  fill_count=0.00  filled=False
2026-04-28 22:21:32.220  INFO     FILL POLL  order_id=8e959b40-5ce9-4a58-8c07-5ba98162e772  fill_count=0.00  filled=False
2026-04-28 22:40:03.779  INFO     FILL POLL  order_id=4dfd4255-6e70-4196-8dfe-e90ac62f99f7  fill_count=0.00  filled=False
2026-04-28 22:40:04.882  INFO     FILL POLL  order_id=96228345-dd08-4071-88df-f0e40d41e127  fill_count=0.00  filled=False
2026-04-28 22:40:05.991  INFO     FILL POLL  order_id=36c0bef5-51ef-4ed4-9c32-157f2a23d0ad  fill_count=0.00  filled=False
2026-04-28 22:40:08.177  INFO     FILL POLL  order_id=1d388367-1de3-484e-9c0a-3b3d7d452587  fill_count=0.00  filled=False
2026-04-28 22:40:09.323  INFO     FILL POLL  order_id=9e7752d1-5163-4435-ad77-dde2c62c4f2c  fill_count=0.00  filled=False
2026-04-28 23:21:35.930  INFO     FILL POLL  order_id=dc5eff3a-c065-4acd-bc74-91a2ff81248e  fill_count=0.00  filled=False
2026-04-28 23:21:37.059  INFO     FILL POLL  order_id=e5465b83-4d5d-4c6d-9152-9abb413bf14a  fill_count=1.00  filled=True
2026-04-28 23:36:31.527  INFO     FILL POLL  order_id=6ece05e7-f8d9-484e-baac-2f61ae2e992b  fill_count=0.00  filled=False
2026-04-28 23:36:32.653  INFO     FILL POLL  order_id=a68234b5-bc5f-4e68-9da6-dcd28d8168c7  fill_count=0.00  filled=False
2026-04-28 23:36:34.036  INFO     FILL POLL  order_id=e92229e4-172c-4e25-88c8-2ac2796288d0  fill_count=0.00  filled=False
2026-04-28 23:36:35.147  INFO     FILL POLL  order_id=98ca9a35-8b52-4e5e-ae26-67d36bd4ced3  fill_count=0.00  filled=False
2026-04-28 23:36:36.244  INFO     FILL POLL  order_id=eb02c9d6-c5ee-48a2-b935-b4c0a2847ba8  fill_count=0.00  filled=False
2026-04-29 00:27:51.590  INFO     FILL POLL  order_id=ee608ac0-3bca-4777-b5cd-21239130f220  fill_count=1.00  filled=True
2026-04-29 00:40:26.917  INFO     FILL POLL  order_id=e67157db-78e9-4801-ae19-e5b870967306  fill_count=1.00  filled=True
2026-04-29 01:08:37.234  INFO     FILL POLL  order_id=d37fab8f-6e2b-4497-86c8-052ed3818782  fill_count=1.00  filled=True
2026-04-29 01:43:08.443  INFO     FILL POLL  order_id=9e602c59-d85b-45b9-bac0-04ef08310414  fill_count=1.00  filled=True
2026-04-29 02:09:02.027  INFO     FILL POLL  order_id=a6c602bd-98b7-45b5-a1b7-ee8421ac2154  fill_count=2.00  filled=True
2026-04-29 02:37:03.208  INFO     FILL POLL  order_id=8add62c8-1901-4c09-b8ec-1b068ebe245a  fill_count=2.00  filled=True
2026-04-29 03:12:51.310  INFO     FILL POLL  order_id=43a10351-5702-40df-a961-8ddd775bd36b  fill_count=1.00  filled=True
2026-04-29 03:22:14.556  INFO     FILL POLL  order_id=8f0ba28f-4004-4a26-b5a2-6ef0d32113c3  fill_count=0.00  filled=False
2026-04-29 03:22:15.655  INFO     FILL POLL  order_id=89ff1722-134f-48ab-9bbc-0b84d64a49b0  fill_count=0.00  filled=False
2026-04-29 03:22:16.759  INFO     FILL POLL  order_id=d5400a40-23df-4e22-b251-ef2589ba8a5d  fill_count=0.00  filled=False
2026-04-29 03:22:18.165  INFO     FILL POLL  order_id=cd059a2e-5d80-415b-9c7b-cfd1437f57ac  fill_count=0.00  filled=False
2026-04-29 03:22:19.273  INFO     FILL POLL  order_id=8a163523-bb11-4f0d-aedb-873b4c83ce0a  fill_count=0.00  filled=False
2026-04-29 03:57:06.585  INFO     FILL POLL  order_id=7a9624e1-9965-4a17-8095-5573ffbac74c  fill_count=0.00  filled=False
2026-04-29 03:57:07.689  INFO     FILL POLL  order_id=8e0a8136-5a50-4507-8dcf-8ce2f72070b8  fill_count=1.00  filled=True
2026-04-29 04:22:45.978  INFO     FILL POLL  order_id=1e206b57-fd9b-4bd0-83bf-cd860d24dc51  fill_count=0.00  filled=False
2026-04-29 04:22:47.074  INFO     FILL POLL  order_id=2837c6c9-6a33-4a70-8319-f22fbb5193fc  fill_count=1.00  filled=True
2026-04-29 04:36:43.490  INFO     FILL POLL  order_id=d0c6cef7-a859-47ca-871f-c8516ca552e3  fill_count=0.00  filled=False
2026-04-29 04:36:44.603  INFO     FILL POLL  order_id=4838a0b9-db9d-4394-923d-616b3d05b870  fill_count=0.00  filled=False
2026-04-29 04:36:45.935  INFO     FILL POLL  order_id=8155c0b7-49f7-471b-a630-8e6f96d8bcfd  fill_count=0.00  filled=False
2026-04-29 04:36:47.036  INFO     FILL POLL  order_id=9d5b7857-a1f2-4267-a83f-b8b515ac9d7e  fill_count=0.00  filled=False
2026-04-29 04:36:48.181  INFO     FILL POLL  order_id=6c95fd80-3cf6-402d-bbd0-ff291347d82a  fill_count=0.00  filled=False
2026-04-29 04:51:39.020  INFO     FILL POLL  order_id=ab6369e1-2f3c-4488-933b-89e3345bd5c4  fill_count=0.00  filled=False
2026-04-29 04:51:40.399  INFO     FILL POLL  order_id=d22e2ad7-9ed5-4bfc-926a-f8a98b9cab7f  fill_count=0.00  filled=False
2026-04-29 04:51:41.509  INFO     FILL POLL  order_id=f009418f-0b36-4f8a-a9ca-e9b074ecc26e  fill_count=0.00  filled=False
2026-04-29 04:51:42.694  INFO     FILL POLL  order_id=6776d233-3f2e-459c-8037-787a5a7dd256  fill_count=0.00  filled=False
2026-04-29 04:51:43.790  INFO     FILL POLL  order_id=ffbb298b-996f-4083-b110-b2793dda9607  fill_count=0.00  filled=False
2026-04-29 05:54:45.945  INFO     FILL POLL  order_id=740493dc-35ee-4771-82c6-ed8f7ac7be58  fill_count=1.00  filled=True
2026-04-29 09:54:58.562  INFO     FILL POLL  order_id=4d2a8e24-9886-43c8-a44f-ced7b1447cf7  fill_count=1.00  filled=True
2026-04-29 10:08:30.146  INFO     FILL POLL  order_id=a23c595e-2817-452b-9dd0-1909a25a928e  fill_count=0.00  filled=False
2026-04-29 10:08:31.249  INFO     FILL POLL  order_id=bfaeb030-46bd-4dbe-aa89-9816ab6ec4c2  fill_count=0.00  filled=False
2026-04-29 10:08:32.349  INFO     FILL POLL  order_id=994009d9-7405-49b1-b528-711f64655a0e  fill_count=0.00  filled=False
2026-04-29 10:08:33.461  INFO     FILL POLL  order_id=3cb33d55-86b4-48ee-bd47-d2fb8ec1d841  fill_count=0.00  filled=False
2026-04-29 10:08:34.576  INFO     FILL POLL  order_id=3d399d7b-605c-4426-8e4d-af4271ae516e  fill_count=0.00  filled=False
2026-04-29 10:26:45.460  INFO     FILL POLL  order_id=62c3ea18-687d-485c-8b2d-916e340880aa  fill_count=1.00  filled=True
2026-04-29 10:39:31.027  INFO     FILL POLL  order_id=497f2c88-a5d2-4c70-912b-a3e09e562886  fill_count=0.00  filled=False
2026-04-29 10:39:32.130  INFO     FILL POLL  order_id=ff88ce08-3c88-4d5e-abb8-6d4a272872af  fill_count=0.00  filled=False
2026-04-29 10:39:33.234  INFO     FILL POLL  order_id=cf82ada2-0055-4662-a1a4-f61516102f41  fill_count=0.00  filled=False
2026-04-29 10:39:34.585  INFO     FILL POLL  order_id=4f091e32-de62-4758-b839-68c0a9fed915  fill_count=0.00  filled=False
2026-04-29 10:39:35.684  INFO     FILL POLL  order_id=920848ee-3cbb-4fe1-8b47-fc1ce09d8b15  fill_count=0.00  filled=False
2026-04-29 11:38:12.877  INFO     FILL POLL  order_id=27b26595-3a2f-400a-9be0-d031feb86212  fill_count=1.00  filled=True
2026-04-29 11:51:10.610  INFO     FILL POLL  order_id=00418fbd-0fdc-4e7f-b82e-cd6498cdc9e1  fill_count=0.00  filled=False
2026-04-29 11:51:11.720  INFO     FILL POLL  order_id=283cf1c0-7523-4612-a80b-6ce9203474a2  fill_count=0.00  filled=False
2026-04-29 11:51:12.830  INFO     FILL POLL  order_id=9001860d-78e4-4e73-a7ff-7b8c20bfb216  fill_count=1.00  filled=True
2026-04-29 12:06:30.714  INFO     FILL POLL  order_id=8e19f7fa-5753-4f8b-b6c5-265d8629ed3f  fill_count=0.00  filled=False
2026-04-29 12:06:31.815  INFO     FILL POLL  order_id=4ad749ec-449d-45e1-8ad2-02a7654c932b  fill_count=0.00  filled=False
2026-04-29 12:06:32.912  INFO     FILL POLL  order_id=374ab978-5db0-4d33-8847-cc78fe735f88  fill_count=0.00  filled=False
2026-04-29 12:06:34.014  INFO     FILL POLL  order_id=ff007e50-698a-4b29-9274-a6b907c38833  fill_count=0.00  filled=False
2026-04-29 12:06:35.115  INFO     FILL POLL  order_id=aea1ab04-c344-4fae-b3ac-9fc94323e000  fill_count=0.00  filled=False
2026-04-29 12:27:02.871  INFO     FILL POLL  order_id=c4a6803c-24b9-4cf8-8e12-56abccd07f0f  fill_count=0.00  filled=False
2026-04-29 12:27:03.979  INFO     FILL POLL  order_id=ec1d10fe-6f84-44a2-a8b5-6551decd5cad  fill_count=1.00  filled=True
2026-04-29 12:39:06.877  INFO     FILL POLL  order_id=49193eba-e590-43e5-abb7-6488016e7df8  fill_count=1.00  filled=True
2026-04-29 12:53:11.526  INFO     FILL POLL  order_id=bc8d383a-5187-4085-a402-6ac93b2e095d  fill_count=1.00  filled=True
2026-04-29 14:37:26.659  INFO     FILL POLL  order_id=43cf9e5c-b0b4-4a28-9b1c-7f9c01e0c879  fill_count=2.00  filled=True
2026-04-29 15:07:38.131  INFO     FILL POLL  order_id=cd83c710-6055-4152-839b-afa920172675  fill_count=1.00  filled=True
2026-04-29 15:37:20.515  INFO     FILL POLL  order_id=eb2b2051-0695-4228-b5da-2c4879639bd8  fill_count=0.00  filled=False
2026-04-29 15:37:21.619  INFO     FILL POLL  order_id=d086d889-c9a2-4a12-8b76-839cd4aecc7d  fill_count=0.00  filled=False
2026-04-29 15:37:22.742  INFO     FILL POLL  order_id=832758fa-ef96-4f22-98d8-841d441d9ae2  fill_count=0.00  filled=False
2026-04-29 15:37:23.852  INFO     FILL POLL  order_id=620b5756-1926-43d4-9e86-8a4815937292  fill_count=1.00  filled=True
2026-04-29 15:57:50.385  INFO     FILL POLL  order_id=85b42701-57d5-4acc-970e-855ce762a791  fill_count=0.00  filled=False
2026-04-29 15:57:51.553  INFO     FILL POLL  order_id=d4dab068-5346-453d-ac5f-c8dcf35b9511  fill_count=0.00  filled=False
2026-04-29 15:57:52.991  INFO     FILL POLL  order_id=d573b0b0-9990-48e5-974a-e04a384d0076  fill_count=0.00  filled=False
2026-04-29 15:57:54.094  INFO     FILL POLL  order_id=9e4ed51e-af85-4350-aff1-93bfc55833aa  fill_count=0.00  filled=False
2026-04-29 15:57:55.197  INFO     FILL POLL  order_id=83e827a8-ec6a-45d7-8772-28a811505fc7  fill_count=0.00  filled=False
2026-04-29 16:00:18.861  ERROR    RESCUE LOOP ERROR  Client error '404 Not Found' for url 'https://api.elections.kalshi.com/trade-api/v2/portfolio/orders'
For more information check: https://developer.mozilla.org/en-US/docs/Web/HTTP/Status/404
2026-04-29 16:38:05.237  INFO     FILL POLL  order_id=9263c92f-7d34-4d8f-bc97-7759fc9410dc  fill_count=0.00  filled=False
2026-04-29 16:38:06.346  INFO     FILL POLL  order_id=fb235106-8af3-4022-9ee9-11ad81c5df93  fill_count=0.00  filled=False
2026-04-29 16:38:07.458  INFO     FILL POLL  order_id=c0e08c5c-6520-4b22-b0cb-1521a6ad22c4  fill_count=0.00  filled=False
2026-04-29 16:38:08.573  INFO     FILL POLL  order_id=acd799e7-6601-40c0-8472-427938d9a96e  fill_count=0.00  filled=False
2026-04-29 16:38:09.673  INFO     FILL POLL  order_id=e38f70b4-7dba-4936-9c10-2040b3df85dd  fill_count=0.00  filled=False
2026-04-29 16:45:10.090  ERROR    RESCUE LOOP ERROR  Client error '404 Not Found' for url 'https://api.elections.kalshi.com/trade-api/v2/portfolio/orders'
For more information check: https://developer.mozilla.org/en-US/docs/Web/HTTP/Status/404
2026-04-29 16:45:22.169  ERROR    RESCUE LOOP ERROR  Client error '404 Not Found' for url 'https://api.elections.kalshi.com/trade-api/v2/portfolio/orders'
For more information check: https://developer.mozilla.org/en-US/docs/Web/HTTP/Status/404
2026-04-29 16:52:13.171  INFO     FILL POLL  order_id=40f0563c-f79d-460c-b80d-8edcafaadb9e  fill_count=1.00  filled=True
2026-04-29 17:11:20.746  INFO     FILL POLL  order_id=90f230c8-33d3-41a1-ba26-54367f243528  fill_count=0.00  filled=False
2026-04-29 17:11:21.912  INFO     FILL POLL  order_id=00eaabbc-1578-41d8-a85e-da87ed282e05  fill_count=1.00  filled=True
2026-04-29 17:28:23.767  INFO     FILL POLL  order_id=532d3fe8-68be-454a-8412-48792be6c628  fill_count=0.00  filled=False
2026-04-29 17:28:24.877  INFO     FILL POLL  order_id=24b954bb-e681-48ef-b83a-c4886fdb012a  fill_count=0.00  filled=False
2026-04-29 17:28:25.978  INFO     FILL POLL  order_id=94fdbd6b-463d-484a-8ad3-920d9f739e58  fill_count=0.00  filled=False
2026-04-29 17:28:27.105  INFO     FILL POLL  order_id=91d9ecaf-785a-43b0-a6cc-e0c0504483f2  fill_count=0.00  filled=False
2026-04-29 17:28:28.209  INFO     FILL POLL  order_id=bd9e5e6f-fb79-4fe5-bda9-097da6e4304f  fill_count=0.00  filled=False
2026-04-29 17:30:12.552  ERROR    RESCUE LOOP ERROR  Client error '404 Not Found' for url 'https://api.elections.kalshi.com/trade-api/v2/portfolio/orders'
For more information check: https://developer.mozilla.org/en-US/docs/Web/HTTP/Status/404
2026-04-29 17:30:24.603  ERROR    RESCUE LOOP ERROR  Client error '404 Not Found' for url 'https://api.elections.kalshi.com/trade-api/v2/portfolio/orders'
For more information check: https://developer.mozilla.org/en-US/docs/Web/HTTP/Status/404
2026-04-29 17:30:36.892  ERROR    RESCUE LOOP ERROR  Client error '404 Not Found' for url 'https://api.elections.kalshi.com/trade-api/v2/portfolio/orders'
For more information check: https://developer.mozilla.org/en-US/docs/Web/HTTP/Status/404
